2025-09-24 22:37:07,594 INFO: Logging to C:\Users\strol\OneDrive\Desktop\Trading - Desktop\00_Scripts\Website\update_dashboard.log
2025-09-24 22:37:07,594 INFO: Fetching RSS for AAPL
2025-09-24 22:37:09,875 INFO: Saved C:\Users\strol\OneDrive\Desktop\Trading - Desktop\00_Scripts\Website\news-aapl.json
2025-09-24 22:37:10,126 INFO: Fetching RSS for AMD
2025-09-24 22:37:10,243 INFO: Saved C:\Users\strol\OneDrive\Desktop\Trading - Desktop\00_Scripts\Website\news-amd.json
2025-09-24 22:37:10,494 INFO: Fetching RSS for AMZN
2025-09-24 22:37:10,626 INFO: Saved C:\Users\strol\OneDrive\Desktop\Trading - Desktop\00_Scripts\Website\news-amzn.json
2025-09-24 22:37:10,881 INFO: Fetching RSS for MSFT
2025-09-24 22:37:11,229 INFO: Saved C:\Users\strol\OneDrive\Desktop\Trading - Desktop\00_Scripts\Website\news-msft.json
2025-09-24 22:37:11,480 INFO: Fetching RSS for META
2025-09-24 22:37:11,827 INFO: Saved C:\Users\strol\OneDrive\Desktop\Trading - Desktop\00_Scripts\Website\news-meta.json
2025-09-24 22:37:12,077 INFO: Fetching RSS for BA
2025-09-24 22:37:12,351 INFO: Saved C:\Users\strol\OneDrive\Desktop\Trading - Desktop\00_Scripts\Website\news-ba.json
2025-09-24 22:37:12,602 INFO: Fetching RSS for GOOGL
2025-09-24 22:37:12,870 INFO: Saved C:\Users\strol\OneDrive\Desktop\Trading - Desktop\00_Scripts\Website\news-googl.json
2025-09-24 22:37:13,121 INFO: Fetching RSS for TSLA
2025-09-24 22:37:13,391 INFO: Saved C:\Users\strol\OneDrive\Desktop\Trading - Desktop\00_Scripts\Website\news-tsla.json
2025-09-24 22:37:13,641 INFO: Fetching RSS for COST
2025-09-24 22:37:13,913 INFO: Saved C:\Users\strol\OneDrive\Desktop\Trading - Desktop\00_Scripts\Website\news-cost.json
2025-09-24 22:37:14,164 INFO: Fetching RSS for TXN
2025-09-24 22:37:14,431 INFO: Saved C:\Users\strol\OneDrive\Desktop\Trading - Desktop\00_Scripts\Website\news-txn.json
2025-09-24 22:37:14,682 INFO: Fetching RSS for WDAY
2025-09-24 22:37:14,952 INFO: Saved C:\Users\strol\OneDrive\Desktop\Trading - Desktop\00_Scripts\Website\news-wday.json
2025-09-24 22:37:15,203 INFO: Fetching RSS for NFLX
2025-09-24 22:37:15,580 INFO: Saved C:\Users\strol\OneDrive\Desktop\Trading - Desktop\00_Scripts\Website\news-nflx.json
2025-09-24 22:37:15,830 INFO: Fetching RSS for NVDA
2025-09-24 22:37:16,183 INFO: Saved C:\Users\strol\OneDrive\Desktop\Trading - Desktop\00_Scripts\Website\news-nvda.json
2025-09-24 22:37:16,434 INFO: Fetching RSS for MU
2025-09-24 22:37:16,707 INFO: Saved C:\Users\strol\OneDrive\Desktop\Trading - Desktop\00_Scripts\Website\news-mu.json
2025-09-24 22:37:16,958 INFO: Fetching RSS for INTC
2025-09-24 22:37:17,226 INFO: Saved C:\Users\strol\OneDrive\Desktop\Trading - Desktop\00_Scripts\Website\news-intc.json
2025-09-24 22:37:17,477 INFO: Fetching RSS for DIS
2025-09-24 22:37:17,749 INFO: Saved C:\Users\strol\OneDrive\Desktop\Trading - Desktop\00_Scripts\Website\news-dis.json
2025-09-24 22:37:17,999 INFO: Fetching RSS for BABA
2025-09-24 22:37:18,266 INFO: Saved C:\Users\strol\OneDrive\Desktop\Trading - Desktop\00_Scripts\Website\news-baba.json
2025-09-24 22:37:18,516 INFO: Fetching RSS for IWM
2025-09-24 22:37:18,790 INFO: Saved C:\Users\strol\OneDrive\Desktop\Trading - Desktop\00_Scripts\Website\news-iwm.json
2025-09-24 22:37:19,040 INFO: Fetching MarketWatch calendar (best-effort)
2025-09-24 22:37:20,739 WARNING: GET failed (https://www.marketwatch.com/economy-politics/calendar) attempt 1/3: 401 Client Error: HTTP Forbidden for url: https://www.marketwatch.com/economy-politics/calendar
2025-09-24 22:37:23,167 WARNING: GET failed (https://www.marketwatch.com/economy-politics/calendar) attempt 2/3: 401 Client Error: HTTP Forbidden for url: https://www.marketwatch.com/economy-politics/calendar
2025-09-24 22:37:26,480 WARNING: GET failed (https://www.marketwatch.com/economy-politics/calendar) attempt 3/3: 401 Client Error: HTTP Forbidden for url: https://www.marketwatch.com/economy-politics/calendar
2025-09-24 22:37:30,481 ERROR: MarketWatch scrape failed: Failed to GET https://www.marketwatch.com/economy-politics/calendar after 3 attempts
Traceback (most recent call last):
  File "C:\Users\strol\OneDrive\Desktop\Trading - Desktop\00_Scripts\Website\update_dashboard.py", line 105, in fetch_marketwatch_weekly
    resp = safe_get(session, MARKETWATCH_CAL_URL)
  File "C:\Users\strol\OneDrive\Desktop\Trading - Desktop\00_Scripts\Website\update_dashboard.py", line 79, in safe_get
    raise RuntimeError(f"Failed to GET {url} after {tries} attempts")
RuntimeError: Failed to GET https://www.marketwatch.com/economy-politics/calendar after 3 attempts
2025-09-24 22:37:30,482 WARNING: No events parsed — inserting placeholder week
2025-09-24 22:37:30,483 INFO: Saved C:\Users\strol\OneDrive\Desktop\Trading - Desktop\00_Scripts\Website\calendar-week.json
2025-09-24 22:37:30,483 INFO: Capturing screenshots with Playwright
2025-09-24 22:37:48,400 INFO: Saved C:\Users\strol\OneDrive\Desktop\Trading - Desktop\00_Scripts\Website\fear-greed-snapshot.png
2025-09-24 22:38:18,404 WARNING: Timeout capturing Heatmap: Page.goto: Timeout 30000ms exceeded.
Call log:
  - navigating to "https://finviz.com/map.ashx", waiting until "networkidle"

2025-09-24 22:38:18,466 INFO: update_dashboard.py finished.
2025-09-24 23:17:02,366 INFO: Logging to C:\Users\strol\OneDrive\Desktop\Trading - Desktop\00_Scripts\Website\update_dashboard.log
2025-09-24 23:17:02,367 INFO: Fetching RSS for AAPL
2025-09-24 23:17:05,110 INFO: Saved C:\Users\strol\OneDrive\Desktop\Trading - Desktop\00_Scripts\Website\news-aapl.json
2025-09-24 23:17:05,361 INFO: Fetching RSS for AMD
2025-09-24 23:17:05,623 INFO: Saved C:\Users\strol\OneDrive\Desktop\Trading - Desktop\00_Scripts\Website\news-amd.json
2025-09-24 23:17:05,874 INFO: Fetching RSS for AMZN
2025-09-24 23:17:06,137 INFO: Saved C:\Users\strol\OneDrive\Desktop\Trading - Desktop\00_Scripts\Website\news-amzn.json
2025-09-24 23:17:06,388 INFO: Fetching RSS for MSFT
2025-09-24 23:17:06,761 INFO: Saved C:\Users\strol\OneDrive\Desktop\Trading - Desktop\00_Scripts\Website\news-msft.json
2025-09-24 23:17:07,012 INFO: Fetching RSS for META
2025-09-24 23:17:07,371 INFO: Saved C:\Users\strol\OneDrive\Desktop\Trading - Desktop\00_Scripts\Website\news-meta.json
2025-09-24 23:17:07,621 INFO: Fetching RSS for BA
2025-09-24 23:17:08,070 INFO: Saved C:\Users\strol\OneDrive\Desktop\Trading - Desktop\00_Scripts\Website\news-ba.json
2025-09-24 23:17:08,321 INFO: Fetching RSS for GOOGL
2025-09-24 23:17:08,671 INFO: Saved C:\Users\strol\OneDrive\Desktop\Trading - Desktop\00_Scripts\Website\news-googl.json
2025-09-24 23:17:08,922 INFO: Fetching RSS for TSLA
2025-09-24 23:17:09,189 INFO: Saved C:\Users\strol\OneDrive\Desktop\Trading - Desktop\00_Scripts\Website\news-tsla.json
2025-09-24 23:17:09,440 INFO: Fetching RSS for COST
2025-09-24 23:17:09,710 INFO: Saved C:\Users\strol\OneDrive\Desktop\Trading - Desktop\00_Scripts\Website\news-cost.json
2025-09-24 23:17:09,961 INFO: Fetching RSS for TXN
2025-09-24 23:17:10,231 INFO: Saved C:\Users\strol\OneDrive\Desktop\Trading - Desktop\00_Scripts\Website\news-txn.json
2025-09-24 23:17:10,482 INFO: Fetching RSS for WDAY
2025-09-24 23:17:10,751 INFO: Saved C:\Users\strol\OneDrive\Desktop\Trading - Desktop\00_Scripts\Website\news-wday.json
2025-09-24 23:17:11,002 INFO: Fetching RSS for NFLX
2025-09-24 23:17:11,272 INFO: Saved C:\Users\strol\OneDrive\Desktop\Trading - Desktop\00_Scripts\Website\news-nflx.json
2025-09-24 23:17:11,522 INFO: Fetching RSS for NVDA
2025-09-24 23:17:11,790 INFO: Saved C:\Users\strol\OneDrive\Desktop\Trading - Desktop\00_Scripts\Website\news-nvda.json
2025-09-24 23:17:12,040 INFO: Fetching RSS for MU
2025-09-24 23:17:12,418 INFO: Saved C:\Users\strol\OneDrive\Desktop\Trading - Desktop\00_Scripts\Website\news-mu.json
2025-09-24 23:17:12,669 INFO: Fetching RSS for INTC
2025-09-24 23:17:13,018 INFO: Saved C:\Users\strol\OneDrive\Desktop\Trading - Desktop\00_Scripts\Website\news-intc.json
2025-09-24 23:17:13,269 INFO: Fetching RSS for DIS
2025-09-24 23:17:13,543 INFO: Saved C:\Users\strol\OneDrive\Desktop\Trading - Desktop\00_Scripts\Website\news-dis.json
2025-09-24 23:17:13,794 INFO: Fetching RSS for BABA
2025-09-24 23:17:14,062 INFO: Saved C:\Users\strol\OneDrive\Desktop\Trading - Desktop\00_Scripts\Website\news-baba.json
2025-09-24 23:17:14,313 INFO: Fetching RSS for IWM
2025-09-24 23:17:14,614 INFO: Saved C:\Users\strol\OneDrive\Desktop\Trading - Desktop\00_Scripts\Website\news-iwm.json
2025-09-24 23:17:14,865 INFO: Fetching MarketWatch calendar (best-effort)
2025-09-24 23:17:17,345 WARNING: GET failed (https://www.marketwatch.com/economy-politics/calendar) attempt 1/3: 401 Client Error: HTTP Forbidden for url: https://www.marketwatch.com/economy-politics/calendar
2025-09-24 23:17:19,527 WARNING: GET failed (https://www.marketwatch.com/economy-politics/calendar) attempt 2/3: 401 Client Error: HTTP Forbidden for url: https://www.marketwatch.com/economy-politics/calendar
2025-09-24 23:17:22,706 WARNING: GET failed (https://www.marketwatch.com/economy-politics/calendar) attempt 3/3: 401 Client Error: HTTP Forbidden for url: https://www.marketwatch.com/economy-politics/calendar
2025-09-24 23:17:26,706 ERROR: MarketWatch scrape failed: Failed to GET https://www.marketwatch.com/economy-politics/calendar after 3 attempts
Traceback (most recent call last):
  File "C:\Users\strol\OneDrive\Desktop\Trading - Desktop\00_Scripts\Website\update_dashboard.py", line 113, in fetch_marketwatch_weekly
    resp = safe_get(session, MARKETWATCH_CAL_URL)
  File "C:\Users\strol\OneDrive\Desktop\Trading - Desktop\00_Scripts\Website\update_dashboard.py", line 87, in safe_get
    raise RuntimeError(f"Failed to GET {url} after {tries} attempts")
RuntimeError: Failed to GET https://www.marketwatch.com/economy-politics/calendar after 3 attempts
2025-09-24 23:17:26,708 WARNING: No events parsed — inserting placeholder week
2025-09-24 23:17:26,708 INFO: Saved C:\Users\strol\OneDrive\Desktop\Trading - Desktop\00_Scripts\Website\calendar-week.json
2025-09-24 23:17:39,557 INFO: update_dashboard.py finished.
2025-09-24 23:34:22,715 INFO: Logging to C:\Users\strol\OneDrive\Desktop\Trading - Desktop\00_Scripts\Website\update_dashboard.log
2025-09-24 23:34:22,715 INFO: Fetching RSS for AAPL
2025-09-24 23:34:23,763 INFO: Saved C:\Users\strol\OneDrive\Desktop\Trading - Desktop\00_Scripts\Website\news-aapl.json
2025-09-24 23:34:24,013 INFO: Fetching RSS for AMD
2025-09-24 23:34:24,178 INFO: Saved C:\Users\strol\OneDrive\Desktop\Trading - Desktop\00_Scripts\Website\news-amd.json
2025-09-24 23:34:24,428 INFO: Fetching RSS for AMZN
2025-09-24 23:34:24,725 INFO: Saved C:\Users\strol\OneDrive\Desktop\Trading - Desktop\00_Scripts\Website\news-amzn.json
2025-09-24 23:34:24,976 INFO: Fetching RSS for MSFT
2025-09-24 23:34:25,149 INFO: Saved C:\Users\strol\OneDrive\Desktop\Trading - Desktop\00_Scripts\Website\news-msft.json
2025-09-24 23:34:25,400 INFO: Fetching RSS for META
2025-09-24 23:34:25,564 INFO: Saved C:\Users\strol\OneDrive\Desktop\Trading - Desktop\00_Scripts\Website\news-meta.json
2025-09-24 23:34:25,815 INFO: Fetching RSS for BA
2025-09-24 23:34:25,987 INFO: Saved C:\Users\strol\OneDrive\Desktop\Trading - Desktop\00_Scripts\Website\news-ba.json
2025-09-24 23:34:26,238 INFO: Fetching RSS for GOOGL
2025-09-24 23:34:26,403 INFO: Saved C:\Users\strol\OneDrive\Desktop\Trading - Desktop\00_Scripts\Website\news-googl.json
2025-09-24 23:34:26,653 INFO: Fetching RSS for TSLA
2025-09-24 23:34:26,822 INFO: Saved C:\Users\strol\OneDrive\Desktop\Trading - Desktop\00_Scripts\Website\news-tsla.json
2025-09-24 23:34:27,072 INFO: Fetching RSS for COST
2025-09-24 23:34:27,247 INFO: Saved C:\Users\strol\OneDrive\Desktop\Trading - Desktop\00_Scripts\Website\news-cost.json
2025-09-24 23:34:27,498 INFO: Fetching RSS for TXN
2025-09-24 23:34:27,660 INFO: Saved C:\Users\strol\OneDrive\Desktop\Trading - Desktop\00_Scripts\Website\news-txn.json
2025-09-24 23:34:27,910 INFO: Fetching RSS for WDAY
2025-09-24 23:34:28,075 INFO: Saved C:\Users\strol\OneDrive\Desktop\Trading - Desktop\00_Scripts\Website\news-wday.json
2025-09-24 23:34:28,327 INFO: Fetching RSS for NFLX
2025-09-24 23:34:28,491 INFO: Saved C:\Users\strol\OneDrive\Desktop\Trading - Desktop\00_Scripts\Website\news-nflx.json
2025-09-24 23:34:28,742 INFO: Fetching RSS for NVDA
2025-09-24 23:34:28,906 INFO: Saved C:\Users\strol\OneDrive\Desktop\Trading - Desktop\00_Scripts\Website\news-nvda.json
2025-09-24 23:34:29,157 INFO: Fetching RSS for MU
2025-09-24 23:34:29,318 INFO: Saved C:\Users\strol\OneDrive\Desktop\Trading - Desktop\00_Scripts\Website\news-mu.json
2025-09-24 23:34:29,569 INFO: Fetching RSS for INTC
2025-09-24 23:34:29,730 INFO: Saved C:\Users\strol\OneDrive\Desktop\Trading - Desktop\00_Scripts\Website\news-intc.json
2025-09-24 23:34:29,980 INFO: Fetching RSS for DIS
2025-09-24 23:34:30,149 INFO: Saved C:\Users\strol\OneDrive\Desktop\Trading - Desktop\00_Scripts\Website\news-dis.json
2025-09-24 23:34:30,400 INFO: Fetching RSS for BABA
2025-09-24 23:34:30,567 INFO: Saved C:\Users\strol\OneDrive\Desktop\Trading - Desktop\00_Scripts\Website\news-baba.json
2025-09-24 23:34:30,817 INFO: Fetching RSS for IWM
2025-09-24 23:34:30,989 INFO: Saved C:\Users\strol\OneDrive\Desktop\Trading - Desktop\00_Scripts\Website\news-iwm.json
2025-09-24 23:34:31,239 INFO: Fetching MarketWatch calendar (best-effort)
2025-09-24 23:34:32,165 WARNING: GET failed (https://www.marketwatch.com/economy-politics/calendar) attempt 1/3: 401 Client Error: HTTP Forbidden for url: https://www.marketwatch.com/economy-politics/calendar
2025-09-24 23:34:34,362 WARNING: GET failed (https://www.marketwatch.com/economy-politics/calendar) attempt 2/3: 401 Client Error: HTTP Forbidden for url: https://www.marketwatch.com/economy-politics/calendar
2025-09-24 23:34:37,548 WARNING: GET failed (https://www.marketwatch.com/economy-politics/calendar) attempt 3/3: 401 Client Error: HTTP Forbidden for url: https://www.marketwatch.com/economy-politics/calendar
2025-09-24 23:34:41,549 ERROR: MarketWatch scrape failed: Failed to GET https://www.marketwatch.com/economy-politics/calendar after 3 attempts
Traceback (most recent call last):
  File "C:\Users\strol\OneDrive\Desktop\Trading - Desktop\00_Scripts\Website\update_dashboard.py", line 113, in fetch_marketwatch_weekly
    resp = safe_get(session, MARKETWATCH_CAL_URL)
  File "C:\Users\strol\OneDrive\Desktop\Trading - Desktop\00_Scripts\Website\update_dashboard.py", line 87, in safe_get
    raise RuntimeError(f"Failed to GET {url} after {tries} attempts")
RuntimeError: Failed to GET https://www.marketwatch.com/economy-politics/calendar after 3 attempts
2025-09-24 23:34:41,550 WARNING: No events parsed — inserting placeholder week
2025-09-24 23:34:41,551 INFO: Saved C:\Users\strol\OneDrive\Desktop\Trading - Desktop\00_Scripts\Website\calendar-week.json
2025-09-24 23:34:53,721 INFO: update_dashboard.py finished.
